2018-07-25 20:12:17,302 - DEBUG - data_preprocessing.py:234 - data1.shape:(2021448, 13)
2018-07-25 20:12:17,303 - DEBUG - data_preprocessing.py:235 - data2.shape:(2021448, 5)
2018-07-25 20:12:17,462 - DEBUG - data_preprocessing.py:238 - 结果.shape:(2021448, 18)
2018-07-25 20:12:17,462 - DEBUG - data_preprocessing.py:239 - 耗时0.15925025939941406
2018-07-25 20:12:25,260 - DEBUG - data_preprocessing.py:234 - data1.shape:(2021448, 18)
2018-07-25 20:12:25,260 - DEBUG - data_preprocessing.py:235 - data2.shape:(2021448, 57)
2018-07-25 20:12:25,937 - DEBUG - data_preprocessing.py:238 - 结果.shape:(2021448, 75)
2018-07-25 20:12:25,937 - DEBUG - data_preprocessing.py:239 - 耗时0.6768438816070557
2018-07-25 20:12:25,960 - DEBUG - data_preprocessing.py:520 - Index(['C1', 'C14', 'C17', 'C21', 'device_conn_type', 'device_ip',
       'device_model', 'device_type', 'app_or_web', 'app_site_id',
       'app_site_model', 'app_site_model_aw', 'dev_ip_app_site', 'one_day',
       'one_day_hour', 'day_hour_prev', 'day_hour_next', 'is_work_day', 'C15',
       'C16', 'C18', 'C19', 'C20', 'app_category', 'app_domain', 'app_id',
       'banner_pos', 'click', 'device_id', 'hour', 'site_category',
       'site_domain', 'site_id', 'uid', 'uid_time', 'device_id_cnt',
       'device_ip_cnt', 'uid_cnt', 'uid_time_cnt', 'top_10_app_id',
       'top_25_app_id', 'top_5_app_id', 'top_50_app_id', 'top_1_app_id',
       'top_2_app_id', 'top_15_app_id', 'top_20_app_id', 'top_30_app_id',
       'top_10_site_id', 'top_25_site_id', 'top_5_site_id', 'top_50_site_id',
       'top_1_site_id', 'top_2_site_id', 'top_15_site_id', 'top_20_site_id',
       'top_30_site_id', 'top_10_app_domain', 'top_25_app_domain',
       'top_5_app_domain', 'top_50_app_domain', 'top_1_app_domain',
       'top_2_app_domain', 'top_15_app_domain', 'top_20_app_domain',
       'top_30_app_domain', 'top_10_app_category', 'top_25_app_category',
       'top_5_app_category', 'top_50_app_category', 'top_1_app_category',
       'top_2_app_category', 'top_15_app_category', 'top_20_app_category',
       'top_30_app_category'],
      dtype='object')
2018-07-25 20:12:25,960 - DEBUG - data_preprocessing.py:522 - (2021448, 75)
[20:12:33] Allocated 231MB on [0] GeForce GTX 1070 Ti, 7493MB remaining.
[20:12:34] Allocated 54MB on [0] GeForce GTX 1070 Ti, 7453MB remaining.
[20:12:34] Allocated 9MB on [0] GeForce GTX 1070 Ti, 7443MB remaining.
[20:13:39] Allocated 462MB on [0] GeForce GTX 1070 Ti, 6939MB remaining.
/home/zhijiehuang/anaconda3/lib/python3.6/site-packages/sklearn/model_selection/_split.py:2026: FutureWarning: From version 0.21, test_size will always complement train_size unless both are specified.
  FutureWarning)
2018-07-25 20:13:40,011 - DEBUG - xgb.py:147 - 0.3893779894717656
2018-07-25 20:13:40,022 - DEBUG - xgb.py:195 - fin:to save validation predictions ...
2018-07-25 20:13:40,026 - DEBUG - xgb.py:197 - ['/data/xgboost.cv_fin.model.joblib_dat']
2018-07-25 20:13:43,877 - DEBUG - data_preprocessing.py:234 - data1.shape:(4577464, 13)
2018-07-25 20:13:43,877 - DEBUG - data_preprocessing.py:235 - data2.shape:(4577464, 5)
2018-07-25 20:13:44,171 - DEBUG - data_preprocessing.py:238 - 结果.shape:(4577464, 18)
2018-07-25 20:13:44,171 - DEBUG - data_preprocessing.py:239 - 耗时0.2938668727874756
2018-07-25 20:14:01,415 - DEBUG - data_preprocessing.py:234 - data1.shape:(4577464, 18)
2018-07-25 20:14:01,415 - DEBUG - data_preprocessing.py:235 - data2.shape:(4577464, 57)
2018-07-25 20:14:03,426 - DEBUG - data_preprocessing.py:238 - 结果.shape:(4577464, 75)
2018-07-25 20:14:03,426 - DEBUG - data_preprocessing.py:239 - 耗时2.0109946727752686
2018-07-25 20:14:03,484 - DEBUG - data_preprocessing.py:540 - (4577464, 75)
2018-07-25 20:14:26,502 - DEBUG - xgb.py:209 - [0.9504698  0.8420991  0.82352304 ... 0.6341124  0.9876898  0.92863035]
2018-07-25 20:14:44,232 - DEBUG - xgb.py:211 - ------------------------------
2018-07-25 20:14:44,465 - DEBUG - xgb.py:213 - (4577464, 1)
2018-07-25 20:14:45,067 - DEBUG - xgb.py:215 - (4577464,)
(2021448, 75)
(4577464, 74)
2018-07-25 20:16:35,352 - DEBUG - data_preprocessing.py:234 - data1.shape:(2021448, 13)
2018-07-25 20:16:35,352 - DEBUG - data_preprocessing.py:235 - data2.shape:(2021448, 5)
2018-07-25 20:16:35,512 - DEBUG - data_preprocessing.py:238 - 结果.shape:(2021448, 18)
2018-07-25 20:16:35,512 - DEBUG - data_preprocessing.py:239 - 耗时0.1596236228942871
2018-07-25 20:16:42,101 - DEBUG - data_preprocessing.py:234 - data1.shape:(2021448, 18)
2018-07-25 20:16:42,101 - DEBUG - data_preprocessing.py:235 - data2.shape:(2021448, 57)
2018-07-25 20:16:42,782 - DEBUG - data_preprocessing.py:238 - 结果.shape:(2021448, 75)
2018-07-25 20:16:42,782 - DEBUG - data_preprocessing.py:239 - 耗时0.6805994510650635
2018-07-25 20:16:42,804 - DEBUG - data_preprocessing.py:520 - Index(['C1', 'C14', 'C17', 'C21', 'device_conn_type', 'device_ip',
       'device_model', 'device_type', 'app_or_web', 'app_site_id',
       'app_site_model', 'app_site_model_aw', 'dev_ip_app_site', 'one_day',
       'one_day_hour', 'day_hour_prev', 'day_hour_next', 'is_work_day', 'C15',
       'C16', 'C18', 'C19', 'C20', 'app_category', 'app_domain', 'app_id',
       'banner_pos', 'click', 'device_id', 'hour', 'site_category',
       'site_domain', 'site_id', 'uid', 'uid_time', 'device_id_cnt',
       'device_ip_cnt', 'uid_cnt', 'uid_time_cnt', 'top_10_app_id',
       'top_25_app_id', 'top_5_app_id', 'top_50_app_id', 'top_1_app_id',
       'top_2_app_id', 'top_15_app_id', 'top_20_app_id', 'top_30_app_id',
       'top_10_site_id', 'top_25_site_id', 'top_5_site_id', 'top_50_site_id',
       'top_1_site_id', 'top_2_site_id', 'top_15_site_id', 'top_20_site_id',
       'top_30_site_id', 'top_10_app_domain', 'top_25_app_domain',
       'top_5_app_domain', 'top_50_app_domain', 'top_1_app_domain',
       'top_2_app_domain', 'top_15_app_domain', 'top_20_app_domain',
       'top_30_app_domain', 'top_10_app_category', 'top_25_app_category',
       'top_5_app_category', 'top_50_app_category', 'top_1_app_category',
       'top_2_app_category', 'top_15_app_category', 'top_20_app_category',
       'top_30_app_category'],
      dtype='object')
2018-07-25 20:16:42,805 - DEBUG - data_preprocessing.py:522 - (2021448, 75)
[20:16:50] Allocated 231MB on [0] GeForce GTX 1070 Ti, 7493MB remaining.
[20:16:50] Allocated 54MB on [0] GeForce GTX 1070 Ti, 7453MB remaining.
[20:16:50] Allocated 9MB on [0] GeForce GTX 1070 Ti, 7443MB remaining.
[20:17:55] Allocated 462MB on [0] GeForce GTX 1070 Ti, 6939MB remaining.
/home/zhijiehuang/anaconda3/lib/python3.6/site-packages/sklearn/model_selection/_split.py:2026: FutureWarning: From version 0.21, test_size will always complement train_size unless both are specified.
  FutureWarning)
2018-07-25 20:17:56,515 - DEBUG - xgb.py:147 - 0.3895191501484192
2018-07-25 20:17:56,526 - DEBUG - xgb.py:195 - fin:to save validation predictions ...
2018-07-25 20:17:56,531 - DEBUG - xgb.py:197 - ['/data/xgboost.cv_fin.model.joblib_dat']
2018-07-25 20:18:00,181 - DEBUG - data_preprocessing.py:234 - data1.shape:(4577464, 13)
2018-07-25 20:18:00,181 - DEBUG - data_preprocessing.py:235 - data2.shape:(4577464, 5)
2018-07-25 20:18:00,474 - DEBUG - data_preprocessing.py:238 - 结果.shape:(4577464, 18)
2018-07-25 20:18:00,475 - DEBUG - data_preprocessing.py:239 - 耗时0.2935292720794678
2018-07-25 20:18:14,778 - DEBUG - data_preprocessing.py:234 - data1.shape:(4577464, 18)
2018-07-25 20:18:14,778 - DEBUG - data_preprocessing.py:235 - data2.shape:(4577464, 57)
2018-07-25 20:18:16,805 - DEBUG - data_preprocessing.py:238 - 结果.shape:(4577464, 75)
2018-07-25 20:18:16,805 - DEBUG - data_preprocessing.py:239 - 耗时2.026723861694336
2018-07-25 20:18:16,862 - DEBUG - data_preprocessing.py:540 - (4577464, 75)
2018-07-25 20:18:40,131 - DEBUG - xgb.py:209 - [0.05787188 0.15750669 0.19334699 ... 0.3660178  0.01056349 0.0749097 ]
2018-07-25 20:18:56,610 - DEBUG - xgb.py:211 - ------------------------------
2018-07-25 20:18:56,843 - DEBUG - xgb.py:213 - (4577464, 1)
2018-07-25 20:18:57,442 - DEBUG - xgb.py:215 - (4577464,)
(2021448, 75)
(4577464, 74)
2018-07-25 22:00:38,057 - DEBUG - data_preprocessing.py:234 - data1.shape:(2021448, 13)
2018-07-25 22:00:38,057 - DEBUG - data_preprocessing.py:235 - data2.shape:(2021448, 5)
2018-07-25 22:00:38,219 - DEBUG - data_preprocessing.py:238 - 结果.shape:(2021448, 18)
2018-07-25 22:00:38,219 - DEBUG - data_preprocessing.py:239 - 耗时0.1611628532409668
2018-07-25 22:00:44,896 - DEBUG - data_preprocessing.py:234 - data1.shape:(2021448, 18)
2018-07-25 22:00:44,896 - DEBUG - data_preprocessing.py:235 - data2.shape:(2021448, 57)
2018-07-25 22:00:45,580 - DEBUG - data_preprocessing.py:238 - 结果.shape:(2021448, 75)
2018-07-25 22:00:45,580 - DEBUG - data_preprocessing.py:239 - 耗时0.6836724281311035
2018-07-25 22:00:45,602 - DEBUG - data_preprocessing.py:520 - Index(['C1', 'C14', 'C17', 'C21', 'device_conn_type', 'device_ip',
       'device_model', 'device_type', 'app_or_web', 'app_site_id',
       'app_site_model', 'app_site_model_aw', 'dev_ip_app_site', 'one_day',
       'one_day_hour', 'day_hour_prev', 'day_hour_next', 'is_work_day', 'C15',
       'C16', 'C18', 'C19', 'C20', 'app_category', 'app_domain', 'app_id',
       'banner_pos', 'click', 'device_id', 'hour', 'site_category',
       'site_domain', 'site_id', 'uid', 'uid_time', 'device_id_cnt',
       'device_ip_cnt', 'uid_cnt', 'uid_time_cnt', 'top_10_app_id',
       'top_25_app_id', 'top_5_app_id', 'top_50_app_id', 'top_1_app_id',
       'top_2_app_id', 'top_15_app_id', 'top_20_app_id', 'top_30_app_id',
       'top_10_site_id', 'top_25_site_id', 'top_5_site_id', 'top_50_site_id',
       'top_1_site_id', 'top_2_site_id', 'top_15_site_id', 'top_20_site_id',
       'top_30_site_id', 'top_10_app_domain', 'top_25_app_domain',
       'top_5_app_domain', 'top_50_app_domain', 'top_1_app_domain',
       'top_2_app_domain', 'top_15_app_domain', 'top_20_app_domain',
       'top_30_app_domain', 'top_10_app_category', 'top_25_app_category',
       'top_5_app_category', 'top_50_app_category', 'top_1_app_category',
       'top_2_app_category', 'top_15_app_category', 'top_20_app_category',
       'top_30_app_category'],
      dtype='object')
2018-07-25 22:00:45,603 - DEBUG - data_preprocessing.py:522 - (2021448, 75)
[22:00:53] Allocated 231MB on [0] GeForce GTX 1070 Ti, 7313MB remaining.
[22:00:53] Allocated 54MB on [0] GeForce GTX 1070 Ti, 7273MB remaining.
[22:00:53] Allocated 9MB on [0] GeForce GTX 1070 Ti, 7263MB remaining.
[22:02:13] Allocated 462MB on [0] GeForce GTX 1070 Ti, 6759MB remaining.
/home/zhijiehuang/anaconda3/lib/python3.6/site-packages/sklearn/model_selection/_split.py:2026: FutureWarning: From version 0.21, test_size will always complement train_size unless both are specified.
  FutureWarning)
2018-07-25 22:02:14,822 - DEBUG - xgb.py:147 - 0.40680605933254493
2018-07-25 22:02:14,832 - DEBUG - xgb.py:195 - fin:to save validation predictions ...
2018-07-25 22:02:14,839 - DEBUG - xgb.py:197 - ['/data/xgboost.cv_fin.model.joblib_dat']
2018-07-25 22:02:18,522 - DEBUG - data_preprocessing.py:234 - data1.shape:(4577464, 13)
2018-07-25 22:02:18,522 - DEBUG - data_preprocessing.py:235 - data2.shape:(4577464, 5)
2018-07-25 22:02:18,818 - DEBUG - data_preprocessing.py:238 - 结果.shape:(4577464, 18)
2018-07-25 22:02:18,818 - DEBUG - data_preprocessing.py:239 - 耗时0.2961881160736084
2018-07-25 22:02:33,763 - DEBUG - data_preprocessing.py:234 - data1.shape:(4577464, 18)
2018-07-25 22:02:33,763 - DEBUG - data_preprocessing.py:235 - data2.shape:(4577464, 57)
2018-07-25 22:02:36,032 - DEBUG - data_preprocessing.py:238 - 结果.shape:(4577464, 75)
2018-07-25 22:02:36,032 - DEBUG - data_preprocessing.py:239 - 耗时2.269061803817749
2018-07-25 22:02:36,089 - DEBUG - data_preprocessing.py:540 - (4577464, 75)
2018-07-25 22:02:58,851 - DEBUG - xgb.py:209 - [0.11387741 0.19854705 0.19362558 ... 0.40863356 0.02050534 0.1436166 ]
2018-07-25 22:03:14,876 - DEBUG - xgb.py:211 - ------------------------------
2018-07-25 22:03:15,109 - DEBUG - xgb.py:213 - (4577464, 1)
2018-07-25 22:03:15,706 - DEBUG - xgb.py:215 - (4577464,)
(2021448, 75)
(4577464, 74)
2018-07-25 22:03:57,382 - DEBUG - data_preprocessing.py:234 - data1.shape:(2021448, 13)
2018-07-25 22:03:57,382 - DEBUG - data_preprocessing.py:235 - data2.shape:(2021448, 5)
2018-07-25 22:03:57,545 - DEBUG - data_preprocessing.py:238 - 结果.shape:(2021448, 18)
2018-07-25 22:03:57,546 - DEBUG - data_preprocessing.py:239 - 耗时0.1637578010559082
2018-07-25 22:04:05,166 - DEBUG - data_preprocessing.py:234 - data1.shape:(2021448, 18)
2018-07-25 22:04:05,166 - DEBUG - data_preprocessing.py:235 - data2.shape:(2021448, 57)
2018-07-25 22:04:05,857 - DEBUG - data_preprocessing.py:238 - 结果.shape:(2021448, 75)
2018-07-25 22:04:05,857 - DEBUG - data_preprocessing.py:239 - 耗时0.6915521621704102
2018-07-25 22:04:05,879 - DEBUG - data_preprocessing.py:520 - Index(['C1', 'C14', 'C17', 'C21', 'device_conn_type', 'device_ip',
       'device_model', 'device_type', 'app_or_web', 'app_site_id',
       'app_site_model', 'app_site_model_aw', 'dev_ip_app_site', 'one_day',
       'one_day_hour', 'day_hour_prev', 'day_hour_next', 'is_work_day', 'C15',
       'C16', 'C18', 'C19', 'C20', 'app_category', 'app_domain', 'app_id',
       'banner_pos', 'click', 'device_id', 'hour', 'site_category',
       'site_domain', 'site_id', 'uid', 'uid_time', 'device_id_cnt',
       'device_ip_cnt', 'uid_cnt', 'uid_time_cnt', 'top_10_app_id',
       'top_25_app_id', 'top_5_app_id', 'top_50_app_id', 'top_1_app_id',
       'top_2_app_id', 'top_15_app_id', 'top_20_app_id', 'top_30_app_id',
       'top_10_site_id', 'top_25_site_id', 'top_5_site_id', 'top_50_site_id',
       'top_1_site_id', 'top_2_site_id', 'top_15_site_id', 'top_20_site_id',
       'top_30_site_id', 'top_10_app_domain', 'top_25_app_domain',
       'top_5_app_domain', 'top_50_app_domain', 'top_1_app_domain',
       'top_2_app_domain', 'top_15_app_domain', 'top_20_app_domain',
       'top_30_app_domain', 'top_10_app_category', 'top_25_app_category',
       'top_5_app_category', 'top_50_app_category', 'top_1_app_category',
       'top_2_app_category', 'top_15_app_category', 'top_20_app_category',
       'top_30_app_category'],
      dtype='object')
2018-07-25 22:04:05,880 - DEBUG - data_preprocessing.py:522 - (2021448, 75)
[22:04:13] Allocated 231MB on [0] GeForce GTX 1070 Ti, 7313MB remaining.
[22:04:14] Allocated 54MB on [0] GeForce GTX 1070 Ti, 7273MB remaining.
[22:04:14] Allocated 9MB on [0] GeForce GTX 1070 Ti, 7263MB remaining.
[22:05:21] Allocated 462MB on [0] GeForce GTX 1070 Ti, 6759MB remaining.
/home/zhijiehuang/anaconda3/lib/python3.6/site-packages/sklearn/model_selection/_split.py:2026: FutureWarning: From version 0.21, test_size will always complement train_size unless both are specified.
  FutureWarning)
2018-07-25 22:05:22,162 - DEBUG - xgb.py:147 - 0.38944812882622876
2018-07-25 22:05:22,173 - DEBUG - xgb.py:195 - fin:to save validation predictions ...
2018-07-25 22:05:22,178 - DEBUG - xgb.py:197 - ['/data/xgboost.cv_fin.model.joblib_dat']
2018-07-25 22:05:25,941 - DEBUG - data_preprocessing.py:234 - data1.shape:(4577464, 13)
2018-07-25 22:05:25,941 - DEBUG - data_preprocessing.py:235 - data2.shape:(4577464, 5)
2018-07-25 22:05:26,236 - DEBUG - data_preprocessing.py:238 - 结果.shape:(4577464, 18)
2018-07-25 22:05:26,236 - DEBUG - data_preprocessing.py:239 - 耗时0.2945067882537842
2018-07-25 22:05:42,679 - DEBUG - data_preprocessing.py:234 - data1.shape:(4577464, 18)
2018-07-25 22:05:42,679 - DEBUG - data_preprocessing.py:235 - data2.shape:(4577464, 57)
2018-07-25 22:05:44,696 - DEBUG - data_preprocessing.py:238 - 结果.shape:(4577464, 75)
2018-07-25 22:05:44,696 - DEBUG - data_preprocessing.py:239 - 耗时2.0168817043304443
2018-07-25 22:05:44,753 - DEBUG - data_preprocessing.py:540 - (4577464, 75)
2018-07-25 22:06:08,402 - DEBUG - xgb.py:209 - [0.06416433 0.13586557 0.1795117  ... 0.34842372 0.01375065 0.07268844]
2018-07-25 22:06:24,659 - DEBUG - xgb.py:211 - ------------------------------
2018-07-25 22:06:24,901 - DEBUG - xgb.py:213 - (4577464, 1)
2018-07-25 22:06:25,504 - DEBUG - xgb.py:215 - (4577464,)
(2021448, 75)
(4577464, 74)
2018-07-26 07:26:34,323 - DEBUG - data_preprocessing.py:234 - data1.shape:(2021448, 13)
2018-07-26 07:26:34,324 - DEBUG - data_preprocessing.py:235 - data2.shape:(2021448, 5)
2018-07-26 07:26:34,483 - DEBUG - data_preprocessing.py:238 - 结果.shape:(2021448, 18)
2018-07-26 07:26:34,483 - DEBUG - data_preprocessing.py:239 - 耗时0.15955114364624023
2018-07-26 07:26:42,134 - DEBUG - data_preprocessing.py:234 - data1.shape:(2021448, 18)
2018-07-26 07:26:42,135 - DEBUG - data_preprocessing.py:235 - data2.shape:(2021448, 57)
2018-07-26 07:26:42,807 - DEBUG - data_preprocessing.py:238 - 结果.shape:(2021448, 75)
2018-07-26 07:26:42,808 - DEBUG - data_preprocessing.py:239 - 耗时0.6730458736419678
2018-07-26 07:26:42,829 - DEBUG - data_preprocessing.py:520 - Index(['C1', 'C14', 'C17', 'C21', 'device_conn_type', 'device_ip',
       'device_model', 'device_type', 'app_or_web', 'app_site_id',
       'app_site_model', 'app_site_model_aw', 'dev_ip_app_site', 'one_day',
       'one_day_hour', 'day_hour_prev', 'day_hour_next', 'is_work_day', 'C15',
       'C16', 'C18', 'C19', 'C20', 'app_category', 'app_domain', 'app_id',
       'banner_pos', 'click', 'device_id', 'hour', 'site_category',
       'site_domain', 'site_id', 'uid', 'uid_time', 'device_id_cnt',
       'device_ip_cnt', 'uid_cnt', 'uid_time_cnt', 'top_10_app_id',
       'top_25_app_id', 'top_5_app_id', 'top_50_app_id', 'top_1_app_id',
       'top_2_app_id', 'top_15_app_id', 'top_20_app_id', 'top_30_app_id',
       'top_10_site_id', 'top_25_site_id', 'top_5_site_id', 'top_50_site_id',
       'top_1_site_id', 'top_2_site_id', 'top_15_site_id', 'top_20_site_id',
       'top_30_site_id', 'top_10_app_domain', 'top_25_app_domain',
       'top_5_app_domain', 'top_50_app_domain', 'top_1_app_domain',
       'top_2_app_domain', 'top_15_app_domain', 'top_20_app_domain',
       'top_30_app_domain', 'top_10_app_category', 'top_25_app_category',
       'top_5_app_category', 'top_50_app_category', 'top_1_app_category',
       'top_2_app_category', 'top_15_app_category', 'top_20_app_category',
       'top_30_app_category'],
      dtype='object')
2018-07-26 07:26:42,830 - DEBUG - data_preprocessing.py:522 - (2021448, 75)
[07:26:50] Allocated 231MB on [0] GeForce GTX 1070 Ti, 7337MB remaining.
[07:26:51] Allocated 54MB on [0] GeForce GTX 1070 Ti, 7297MB remaining.
[07:26:51] Allocated 9MB on [0] GeForce GTX 1070 Ti, 7287MB remaining.
2018-07-26 07:27:44,428 - DEBUG - data_preprocessing.py:234 - data1.shape:(2021448, 13)
2018-07-26 07:27:44,429 - DEBUG - data_preprocessing.py:235 - data2.shape:(2021448, 5)
2018-07-26 07:27:44,589 - DEBUG - data_preprocessing.py:238 - 结果.shape:(2021448, 18)
2018-07-26 07:27:44,589 - DEBUG - data_preprocessing.py:239 - 耗时0.15997886657714844
2018-07-26 07:27:52,280 - DEBUG - data_preprocessing.py:234 - data1.shape:(2021448, 18)
2018-07-26 07:27:52,280 - DEBUG - data_preprocessing.py:235 - data2.shape:(2021448, 57)
2018-07-26 07:27:52,954 - DEBUG - data_preprocessing.py:238 - 结果.shape:(2021448, 75)
2018-07-26 07:27:52,954 - DEBUG - data_preprocessing.py:239 - 耗时0.6736493110656738
2018-07-26 07:28:07,534 - DEBUG - data_preprocessing.py:234 - data1.shape:(2021448, 75)
2018-07-26 07:28:07,534 - DEBUG - data_preprocessing.py:235 - data2.shape:(2021448, 79)
2018-07-26 07:28:10,291 - DEBUG - data_preprocessing.py:238 - 结果.shape:(2021448, 154)
2018-07-26 07:28:10,292 - DEBUG - data_preprocessing.py:239 - 耗时2.7573049068450928
2018-07-26 07:28:57,336 - DEBUG - data_preprocessing.py:234 - data1.shape:(2021448, 154)
2018-07-26 07:28:57,336 - DEBUG - data_preprocessing.py:235 - data2.shape:(2021448, 156)
2018-07-26 07:29:02,948 - DEBUG - data_preprocessing.py:238 - 结果.shape:(2021448, 310)
2018-07-26 07:29:02,948 - DEBUG - data_preprocessing.py:239 - 耗时5.60671329498291
2018-07-26 07:29:03,049 - DEBUG - data_preprocessing.py:520 - Index(['C1', 'C14', 'C17', 'C21', 'device_conn_type', 'device_ip',
       'device_model', 'device_type', 'app_or_web', 'app_site_id',
       ...
       'exptv_device_typeapp_site_model_aw',
       'cnttv_device_typeapp_site_model_aw',
       'exptv_device_typedev_ip_app_site', 'cnttv_device_typedev_ip_app_site',
       'exptv_device_conn_typedev_ip_app_site',
       'cnttv_device_conn_typedev_ip_app_site',
       'exptv_device_conn_typeapp_site_model_aw',
       'cnttv_device_conn_typeapp_site_model_aw',
       'exptv_app_site_model_awdev_ip_app_site',
       'cnttv_app_site_model_awdev_ip_app_site'],
      dtype='object', length=310)
2018-07-26 07:29:03,049 - DEBUG - data_preprocessing.py:522 - (2021448, 310)
[07:29:33] Allocated 1191MB on [0] GeForce GTX 1070 Ti, 6377MB remaining.
[07:29:34] Allocated 54MB on [0] GeForce GTX 1070 Ti, 6337MB remaining.
[07:29:34] Allocated 107MB on [0] GeForce GTX 1070 Ti, 6229MB remaining.
[07:31:33] Allocated 1912MB on [0] GeForce GTX 1070 Ti, 4275MB remaining.
/home/zhijiehuang/anaconda3/lib/python3.6/site-packages/sklearn/model_selection/_split.py:2026: FutureWarning: From version 0.21, test_size will always complement train_size unless both are specified.
  FutureWarning)
2018-07-26 07:31:47,287 - DEBUG - xgb.py:147 - 0.029893036895582932
2018-07-26 07:31:47,388 - DEBUG - xgb.py:195 - fin:to save validation predictions ...
2018-07-26 07:31:47,405 - DEBUG - xgb.py:197 - ['/data/xgboost.cv_fin.model.joblib_dat']
2018-07-26 07:31:51,065 - DEBUG - data_preprocessing.py:234 - data1.shape:(4577464, 13)
2018-07-26 07:31:51,065 - DEBUG - data_preprocessing.py:235 - data2.shape:(4577464, 5)
2018-07-26 07:31:51,183 - DEBUG - data_preprocessing.py:238 - 结果.shape:(4577464, 18)
2018-07-26 07:31:51,183 - DEBUG - data_preprocessing.py:239 - 耗时0.1181950569152832
2018-07-26 07:32:08,419 - DEBUG - data_preprocessing.py:234 - data1.shape:(4577464, 18)
2018-07-26 07:32:08,419 - DEBUG - data_preprocessing.py:235 - data2.shape:(4577464, 57)
2018-07-26 07:32:10,428 - DEBUG - data_preprocessing.py:238 - 结果.shape:(4577464, 75)
2018-07-26 07:32:10,428 - DEBUG - data_preprocessing.py:239 - 耗时2.008291006088257
2018-07-26 07:32:24,869 - DEBUG - data_preprocessing.py:234 - data1.shape:(4577464, 75)
2018-07-26 07:32:24,869 - DEBUG - data_preprocessing.py:235 - data2.shape:(4577464, 79)
2018-07-26 07:32:31,117 - DEBUG - data_preprocessing.py:238 - 结果.shape:(4577464, 154)
2018-07-26 07:32:31,117 - DEBUG - data_preprocessing.py:239 - 耗时6.24766731262207
2018-07-26 07:33:28,273 - DEBUG - data_preprocessing.py:234 - data1.shape:(4577464, 154)
2018-07-26 07:33:28,273 - DEBUG - data_preprocessing.py:235 - data2.shape:(4577464, 156)
2018-07-26 07:33:41,006 - DEBUG - data_preprocessing.py:238 - 结果.shape:(4577464, 310)
2018-07-26 07:33:41,006 - DEBUG - data_preprocessing.py:239 - 耗时12.7330322265625
2018-07-26 07:33:41,273 - DEBUG - data_preprocessing.py:540 - (4577464, 310)
2018-07-26 07:35:34,191 - DEBUG - xgb.py:209 - [1. 1. 1. ... 1. 1. 1.]
2018-07-26 07:35:51,740 - DEBUG - xgb.py:211 - ------------------------------
2018-07-26 07:35:51,977 - DEBUG - xgb.py:213 - (4577464, 1)
2018-07-26 07:35:53,038 - DEBUG - xgb.py:215 - (4577464,)
(2021448, 310)
(4577464, 309)
2018-07-26 07:37:01,390 - DEBUG - data_preprocessing.py:234 - data1.shape:(2021448, 13)
2018-07-26 07:37:01,390 - DEBUG - data_preprocessing.py:235 - data2.shape:(2021448, 5)
2018-07-26 07:37:01,549 - DEBUG - data_preprocessing.py:238 - 结果.shape:(2021448, 18)
2018-07-26 07:37:01,549 - DEBUG - data_preprocessing.py:239 - 耗时0.15894627571105957
2018-07-26 07:37:08,200 - DEBUG - data_preprocessing.py:234 - data1.shape:(2021448, 18)
2018-07-26 07:37:08,201 - DEBUG - data_preprocessing.py:235 - data2.shape:(2021448, 57)
2018-07-26 07:37:08,880 - DEBUG - data_preprocessing.py:238 - 结果.shape:(2021448, 75)
2018-07-26 07:37:08,880 - DEBUG - data_preprocessing.py:239 - 耗时0.6797802448272705
2018-07-26 07:37:23,020 - DEBUG - data_preprocessing.py:234 - data1.shape:(2021448, 75)
2018-07-26 07:37:23,020 - DEBUG - data_preprocessing.py:235 - data2.shape:(2021448, 79)
2018-07-26 07:37:25,778 - DEBUG - data_preprocessing.py:238 - 结果.shape:(2021448, 154)
2018-07-26 07:37:25,778 - DEBUG - data_preprocessing.py:239 - 耗时2.7574617862701416
2018-07-26 07:37:25,831 - DEBUG - data_preprocessing.py:520 - Index(['C1', 'C14', 'C17', 'C21', 'device_conn_type', 'device_ip',
       'device_model', 'device_type', 'app_or_web', 'app_site_id',
       ...
       'C21device_conn_type', 'C21device_type', 'C21app_site_model_aw',
       'C21dev_ip_app_site', 'device_typedevice_conn_type',
       'device_typeapp_site_model_aw', 'device_typedev_ip_app_site',
       'device_conn_typedev_ip_app_site', 'device_conn_typeapp_site_model_aw',
       'app_site_model_awdev_ip_app_site'],
      dtype='object', length=154)
2018-07-26 07:37:25,832 - DEBUG - data_preprocessing.py:522 - (2021448, 154)
[07:37:42] Allocated 553MB on [0] GeForce GTX 1070 Ti, 7015MB remaining.
[07:37:42] Allocated 54MB on [0] GeForce GTX 1070 Ti, 6975MB remaining.
[07:37:42] Allocated 42MB on [0] GeForce GTX 1070 Ti, 6931MB remaining.
[07:39:01] Allocated 950MB on [0] GeForce GTX 1070 Ti, 5939MB remaining.
/home/zhijiehuang/anaconda3/lib/python3.6/site-packages/sklearn/model_selection/_split.py:2026: FutureWarning: From version 0.21, test_size will always complement train_size unless both are specified.
  FutureWarning)
2018-07-26 07:39:13,587 - DEBUG - xgb.py:147 - 0.38857367436345847
2018-07-26 07:39:13,638 - DEBUG - xgb.py:195 - fin:to save validation predictions ...
2018-07-26 07:39:13,644 - DEBUG - xgb.py:197 - ['/data/xgboost.cv_fin.model.joblib_dat']
2018-07-26 07:39:17,331 - DEBUG - data_preprocessing.py:234 - data1.shape:(4577464, 13)
2018-07-26 07:39:17,331 - DEBUG - data_preprocessing.py:235 - data2.shape:(4577464, 5)
2018-07-26 07:39:17,450 - DEBUG - data_preprocessing.py:238 - 结果.shape:(4577464, 18)
2018-07-26 07:39:17,450 - DEBUG - data_preprocessing.py:239 - 耗时0.11861085891723633
2018-07-26 07:39:32,018 - DEBUG - data_preprocessing.py:234 - data1.shape:(4577464, 18)
2018-07-26 07:39:32,018 - DEBUG - data_preprocessing.py:235 - data2.shape:(4577464, 57)
2018-07-26 07:39:34,013 - DEBUG - data_preprocessing.py:238 - 结果.shape:(4577464, 75)
2018-07-26 07:39:34,013 - DEBUG - data_preprocessing.py:239 - 耗时1.994370937347412
2018-07-26 07:39:48,982 - DEBUG - data_preprocessing.py:234 - data1.shape:(4577464, 75)
2018-07-26 07:39:48,983 - DEBUG - data_preprocessing.py:235 - data2.shape:(4577464, 79)
2018-07-26 07:39:55,241 - DEBUG - data_preprocessing.py:238 - 结果.shape:(4577464, 154)
2018-07-26 07:39:55,241 - DEBUG - data_preprocessing.py:239 - 耗时6.258428573608398
2018-07-26 07:39:55,353 - DEBUG - data_preprocessing.py:540 - (4577464, 154)
2018-07-26 07:40:26,333 - DEBUG - xgb.py:209 - [0.69435406 0.33245236 0.4326226  ... 0.21597111 0.590119   0.5105522 ]
2018-07-26 07:40:42,439 - DEBUG - xgb.py:211 - ------------------------------
2018-07-26 07:40:42,672 - DEBUG - xgb.py:213 - (4577464, 1)
2018-07-26 07:40:43,267 - DEBUG - xgb.py:215 - (4577464,)
(2021448, 154)
(4577464, 153)
